[0.829s] Invoking command in '/home/robot/Desktop/ros2_ws/src/my_robot_controller': DEBUGINFOD_URLS=https://debuginfod.ubuntu.com PYTHONPATH=/home/robot/Desktop/ros2_ws/src/build/my_robot_controller/prefix_override:/usr/lib/python3/dist-packages/colcon_core/task/python/colcon_distutils_commands:/home/robot/Desktop/ros2_ws/src/install/my_robot_controller/lib/python3.12/site-packages:${PYTHONPATH} /usr/bin/python3 -W ignore:setup.py install is deprecated -W ignore:easy_install command is deprecated setup.py egg_info --egg-base ../build/my_robot_controller build --build-base /home/robot/Desktop/ros2_ws/src/build/my_robot_controller/build install --record /home/robot/Desktop/ros2_ws/src/build/my_robot_controller/install.log --single-version-externally-managed install_data
[1.103s] running egg_info
[1.125s] writing ../build/my_robot_controller/my_robot_controller.egg-info/PKG-INFO
[1.125s] writing dependency_links to ../build/my_robot_controller/my_robot_controller.egg-info/dependency_links.txt
[1.125s] writing entry points to ../build/my_robot_controller/my_robot_controller.egg-info/entry_points.txt
[1.126s] writing requirements to ../build/my_robot_controller/my_robot_controller.egg-info/requires.txt
[1.126s] writing top-level names to ../build/my_robot_controller/my_robot_controller.egg-info/top_level.txt
[1.170s] reading manifest file '../build/my_robot_controller/my_robot_controller.egg-info/SOURCES.txt'
[1.171s] writing manifest file '../build/my_robot_controller/my_robot_controller.egg-info/SOURCES.txt'
[1.171s] running build
[1.171s] running build_py
[1.171s] copying my_robot_controller/turtle_controller.py -> /home/robot/Desktop/ros2_ws/src/build/my_robot_controller/build/lib/my_robot_controller
[1.171s] running install
[1.177s] running install_lib
[1.198s] copying /home/robot/Desktop/ros2_ws/src/build/my_robot_controller/build/lib/my_robot_controller/turtle_controller.py -> /home/robot/Desktop/ros2_ws/src/install/my_robot_controller/lib/python3.12/site-packages/my_robot_controller
[1.199s] byte-compiling /home/robot/Desktop/ros2_ws/src/install/my_robot_controller/lib/python3.12/site-packages/my_robot_controller/turtle_controller.py to turtle_controller.cpython-312.pyc
[1.200s] running install_data
[1.200s] running install_egg_info
[1.225s] removing '/home/robot/Desktop/ros2_ws/src/install/my_robot_controller/lib/python3.12/site-packages/my_robot_controller-0.0.0-py3.12.egg-info' (and everything under it)
[1.225s] Copying ../build/my_robot_controller/my_robot_controller.egg-info to /home/robot/Desktop/ros2_ws/src/install/my_robot_controller/lib/python3.12/site-packages/my_robot_controller-0.0.0-py3.12.egg-info
[1.227s] running install_scripts
[1.370s] Installing draw_circle script to /home/robot/Desktop/ros2_ws/src/install/my_robot_controller/lib/my_robot_controller
[1.370s] Installing pose_subscriber script to /home/robot/Desktop/ros2_ws/src/install/my_robot_controller/lib/my_robot_controller
[1.370s] Installing test_node script to /home/robot/Desktop/ros2_ws/src/install/my_robot_controller/lib/my_robot_controller
[1.370s] Installing turtle_controller script to /home/robot/Desktop/ros2_ws/src/install/my_robot_controller/lib/my_robot_controller
[1.371s] writing list of installed files to '/home/robot/Desktop/ros2_ws/src/build/my_robot_controller/install.log'
[1.395s] Invoked command in '/home/robot/Desktop/ros2_ws/src/my_robot_controller' returned '0': DEBUGINFOD_URLS=https://debuginfod.ubuntu.com PYTHONPATH=/home/robot/Desktop/ros2_ws/src/build/my_robot_controller/prefix_override:/usr/lib/python3/dist-packages/colcon_core/task/python/colcon_distutils_commands:/home/robot/Desktop/ros2_ws/src/install/my_robot_controller/lib/python3.12/site-packages:${PYTHONPATH} /usr/bin/python3 -W ignore:setup.py install is deprecated -W ignore:easy_install command is deprecated setup.py egg_info --egg-base ../build/my_robot_controller build --build-base /home/robot/Desktop/ros2_ws/src/build/my_robot_controller/build install --record /home/robot/Desktop/ros2_ws/src/build/my_robot_controller/install.log --single-version-externally-managed install_data
