[0.842s] Invoking command in '/home/robot/Desktop/ros2_ws/src/build/my_robot_controller': DEBUGINFOD_URLS=https://debuginfod.ubuntu.com PYTHONPATH=/home/robot/Desktop/ros2_ws/src/build/my_robot_controller/prefix_override:/usr/lib/python3/dist-packages/colcon_core/task/python/colcon_distutils_commands:/home/robot/Desktop/ros2_ws/src/install/my_robot_controller/lib/python3.12/site-packages:${PYTHONPATH} /usr/bin/python3 -W ignore:setup.py install is deprecated -W ignore:easy_install command is deprecated setup.py develop --editable --build-directory /home/robot/Desktop/ros2_ws/src/build/my_robot_controller/build --no-deps symlink_data --force
[1.176s] running develop
[1.371s] /usr/lib/python3/dist-packages/setuptools/command/easy_install.py:363: UserWarning: Unbuilt egg for pytest-repeat [unknown version] (/usr/lib/python3/dist-packages)
[1.371s]   self.local_index = Environment(self.shadow_path + sys.path)
[1.410s] running egg_info
[1.432s] writing my_robot_controller.egg-info/PKG-INFO
[1.433s] writing dependency_links to my_robot_controller.egg-info/dependency_links.txt
[1.433s] writing entry points to my_robot_controller.egg-info/entry_points.txt
[1.433s] writing requirements to my_robot_controller.egg-info/requires.txt
[1.433s] writing top-level names to my_robot_controller.egg-info/top_level.txt
[1.477s] reading manifest file 'my_robot_controller.egg-info/SOURCES.txt'
[1.478s] writing manifest file 'my_robot_controller.egg-info/SOURCES.txt'
[1.500s] running build_ext
[1.500s] Creating /home/robot/Desktop/ros2_ws/src/install/my_robot_controller/lib/python3.12/site-packages/my-robot-controller.egg-link (link to .)
[1.501s] Installing draw_circle script to /home/robot/Desktop/ros2_ws/src/install/my_robot_controller/lib/my_robot_controller
[1.501s] Installing pose_subscriber script to /home/robot/Desktop/ros2_ws/src/install/my_robot_controller/lib/my_robot_controller
[1.501s] Installing test_node script to /home/robot/Desktop/ros2_ws/src/install/my_robot_controller/lib/my_robot_controller
[1.501s] Installing turtle_controller script to /home/robot/Desktop/ros2_ws/src/install/my_robot_controller/lib/my_robot_controller
[1.501s] 
[1.501s] Installed /home/robot/Desktop/ros2_ws/src/build/my_robot_controller
[1.502s] running symlink_data
[1.502s] symbolically linking /home/robot/Desktop/ros2_ws/src/build/my_robot_controller/resource/my_robot_controller -> /home/robot/Desktop/ros2_ws/src/install/my_robot_controller/share/ament_index/resource_index/packages
[1.502s] symbolically linking /home/robot/Desktop/ros2_ws/src/build/my_robot_controller/package.xml -> /home/robot/Desktop/ros2_ws/src/install/my_robot_controller/share/my_robot_controller
[1.534s] Invoked command in '/home/robot/Desktop/ros2_ws/src/build/my_robot_controller' returned '0': DEBUGINFOD_URLS=https://debuginfod.ubuntu.com PYTHONPATH=/home/robot/Desktop/ros2_ws/src/build/my_robot_controller/prefix_override:/usr/lib/python3/dist-packages/colcon_core/task/python/colcon_distutils_commands:/home/robot/Desktop/ros2_ws/src/install/my_robot_controller/lib/python3.12/site-packages:${PYTHONPATH} /usr/bin/python3 -W ignore:setup.py install is deprecated -W ignore:easy_install command is deprecated setup.py develop --editable --build-directory /home/robot/Desktop/ros2_ws/src/build/my_robot_controller/build --no-deps symlink_data --force
