[0.812s] Invoking command in '/home/robot/Desktop/ros2_ws/build/my_robot_controller': DEBUGINFOD_URLS=https://debuginfod.ubuntu.com PYTHONPATH=/home/robot/Desktop/ros2_ws/build/my_robot_controller/prefix_override:/usr/lib/python3/dist-packages/colcon_core/task/python/colcon_distutils_commands:/home/robot/Desktop/ros2_ws/install/my_robot_controller/lib/python3.12/site-packages:${PYTHONPATH} /usr/bin/python3 -W ignore:setup.py install is deprecated -W ignore:easy_install command is deprecated setup.py develop --editable --build-directory /home/robot/Desktop/ros2_ws/build/my_robot_controller/build --no-deps symlink_data
[1.141s] running develop
[1.320s] /usr/lib/python3/dist-packages/setuptools/command/easy_install.py:363: UserWarning: Unbuilt egg for pytest-repeat [unknown version] (/usr/lib/python3/dist-packages)
[1.320s]   self.local_index = Environment(self.shadow_path + sys.path)
[1.361s] running egg_info
[1.382s] writing my_robot_controller.egg-info/PKG-INFO
[1.382s] writing dependency_links to my_robot_controller.egg-info/dependency_links.txt
[1.382s] writing entry points to my_robot_controller.egg-info/entry_points.txt
[1.383s] writing requirements to my_robot_controller.egg-info/requires.txt
[1.383s] writing top-level names to my_robot_controller.egg-info/top_level.txt
[1.431s] reading manifest file 'my_robot_controller.egg-info/SOURCES.txt'
[1.432s] writing manifest file 'my_robot_controller.egg-info/SOURCES.txt'
[1.457s] running build_ext
[1.457s] Creating /home/robot/Desktop/ros2_ws/install/my_robot_controller/lib/python3.12/site-packages/my-robot-controller.egg-link (link to .)
[1.458s] Installing draw_circle script to /home/robot/Desktop/ros2_ws/install/my_robot_controller/lib/my_robot_controller
[1.458s] Installing test_node script to /home/robot/Desktop/ros2_ws/install/my_robot_controller/lib/my_robot_controller
[1.459s] 
[1.459s] Installed /home/robot/Desktop/ros2_ws/build/my_robot_controller
[1.459s] running symlink_data
[1.488s] Invoked command in '/home/robot/Desktop/ros2_ws/build/my_robot_controller' returned '0': DEBUGINFOD_URLS=https://debuginfod.ubuntu.com PYTHONPATH=/home/robot/Desktop/ros2_ws/build/my_robot_controller/prefix_override:/usr/lib/python3/dist-packages/colcon_core/task/python/colcon_distutils_commands:/home/robot/Desktop/ros2_ws/install/my_robot_controller/lib/python3.12/site-packages:${PYTHONPATH} /usr/bin/python3 -W ignore:setup.py install is deprecated -W ignore:easy_install command is deprecated setup.py develop --editable --build-directory /home/robot/Desktop/ros2_ws/build/my_robot_controller/build --no-deps symlink_data
