[0.863s] Invoking command in '/home/robot/Desktop/ros2_ws/src/my_robot_controller': DEBUGINFOD_URLS=https://debuginfod.ubuntu.com PYTHONPATH=/home/robot/Desktop/ros2_ws/src/my_robot_controller/build/my_robot_controller/prefix_override:/usr/lib/python3/dist-packages/colcon_core/task/python/colcon_distutils_commands:/home/robot/Desktop/ros2_ws/src/my_robot_controller/install/my_robot_controller/lib/python3.12/site-packages:${PYTHONPATH} /usr/bin/python3 -W ignore:setup.py install is deprecated -W ignore:easy_install command is deprecated setup.py egg_info --egg-base build/my_robot_controller build --build-base /home/robot/Desktop/ros2_ws/src/my_robot_controller/build/my_robot_controller/build install --record /home/robot/Desktop/ros2_ws/src/my_robot_controller/build/my_robot_controller/install.log --single-version-externally-managed install_data
[1.152s] running egg_info
[1.174s] writing build/my_robot_controller/my_robot_controller.egg-info/PKG-INFO
[1.175s] writing dependency_links to build/my_robot_controller/my_robot_controller.egg-info/dependency_links.txt
[1.175s] writing entry points to build/my_robot_controller/my_robot_controller.egg-info/entry_points.txt
[1.175s] writing requirements to build/my_robot_controller/my_robot_controller.egg-info/requires.txt
[1.175s] writing top-level names to build/my_robot_controller/my_robot_controller.egg-info/top_level.txt
[1.225s] reading manifest file 'build/my_robot_controller/my_robot_controller.egg-info/SOURCES.txt'
[1.226s] writing manifest file 'build/my_robot_controller/my_robot_controller.egg-info/SOURCES.txt'
[1.226s] running build
[1.226s] running build_py
[1.226s] copying my_robot_controller/pose_subscriber.py -> /home/robot/Desktop/ros2_ws/src/my_robot_controller/build/my_robot_controller/build/lib/my_robot_controller
[1.227s] running install
[1.235s] running install_lib
[1.260s] copying /home/robot/Desktop/ros2_ws/src/my_robot_controller/build/my_robot_controller/build/lib/my_robot_controller/pose_subscriber.py -> /home/robot/Desktop/ros2_ws/src/my_robot_controller/install/my_robot_controller/lib/python3.12/site-packages/my_robot_controller
[1.261s] byte-compiling /home/robot/Desktop/ros2_ws/src/my_robot_controller/install/my_robot_controller/lib/python3.12/site-packages/my_robot_controller/pose_subscriber.py to pose_subscriber.cpython-312.pyc
[1.261s] running install_data
[1.262s] copying package.xml -> /home/robot/Desktop/ros2_ws/src/my_robot_controller/install/my_robot_controller/share/my_robot_controller
[1.262s] running install_egg_info
[1.287s] removing '/home/robot/Desktop/ros2_ws/src/my_robot_controller/install/my_robot_controller/lib/python3.12/site-packages/my_robot_controller-0.0.0-py3.12.egg-info' (and everything under it)
[1.287s] Copying build/my_robot_controller/my_robot_controller.egg-info to /home/robot/Desktop/ros2_ws/src/my_robot_controller/install/my_robot_controller/lib/python3.12/site-packages/my_robot_controller-0.0.0-py3.12.egg-info
[1.290s] running install_scripts
[1.444s] Installing draw_circle script to /home/robot/Desktop/ros2_ws/src/my_robot_controller/install/my_robot_controller/lib/my_robot_controller
[1.445s] Installing pose_subscriber script to /home/robot/Desktop/ros2_ws/src/my_robot_controller/install/my_robot_controller/lib/my_robot_controller
[1.445s] Installing test_node script to /home/robot/Desktop/ros2_ws/src/my_robot_controller/install/my_robot_controller/lib/my_robot_controller
[1.445s] writing list of installed files to '/home/robot/Desktop/ros2_ws/src/my_robot_controller/build/my_robot_controller/install.log'
[1.468s] Invoked command in '/home/robot/Desktop/ros2_ws/src/my_robot_controller' returned '0': DEBUGINFOD_URLS=https://debuginfod.ubuntu.com PYTHONPATH=/home/robot/Desktop/ros2_ws/src/my_robot_controller/build/my_robot_controller/prefix_override:/usr/lib/python3/dist-packages/colcon_core/task/python/colcon_distutils_commands:/home/robot/Desktop/ros2_ws/src/my_robot_controller/install/my_robot_controller/lib/python3.12/site-packages:${PYTHONPATH} /usr/bin/python3 -W ignore:setup.py install is deprecated -W ignore:easy_install command is deprecated setup.py egg_info --egg-base build/my_robot_controller build --build-base /home/robot/Desktop/ros2_ws/src/my_robot_controller/build/my_robot_controller/build install --record /home/robot/Desktop/ros2_ws/src/my_robot_controller/build/my_robot_controller/install.log --single-version-externally-managed install_data
