[0.849s] Invoking command in '/home/robot/Desktop/ros2_ws/src/my_robot_controller': DEBUGINFOD_URLS=https://debuginfod.ubuntu.com PYTHONPATH=/home/robot/Desktop/ros2_ws/src/build/my_robot_controller/prefix_override:/usr/lib/python3/dist-packages/colcon_core/task/python/colcon_distutils_commands:/home/robot/Desktop/ros2_ws/src/install/my_robot_controller/lib/python3.12/site-packages:${PYTHONPATH} /usr/bin/python3 -W ignore:setup.py install is deprecated -W ignore:easy_install command is deprecated setup.py egg_info --egg-base ../build/my_robot_controller build --build-base /home/robot/Desktop/ros2_ws/src/build/my_robot_controller/build install --record /home/robot/Desktop/ros2_ws/src/build/my_robot_controller/install.log --single-version-externally-managed install_data
[1.145s] running egg_info
[1.145s] creating ../build/my_robot_controller/my_robot_controller.egg-info
[1.166s] writing ../build/my_robot_controller/my_robot_controller.egg-info/PKG-INFO
[1.166s] writing dependency_links to ../build/my_robot_controller/my_robot_controller.egg-info/dependency_links.txt
[1.167s] writing entry points to ../build/my_robot_controller/my_robot_controller.egg-info/entry_points.txt
[1.167s] writing requirements to ../build/my_robot_controller/my_robot_controller.egg-info/requires.txt
[1.167s] writing top-level names to ../build/my_robot_controller/my_robot_controller.egg-info/top_level.txt
[1.167s] writing manifest file '../build/my_robot_controller/my_robot_controller.egg-info/SOURCES.txt'
[1.211s] reading manifest file '../build/my_robot_controller/my_robot_controller.egg-info/SOURCES.txt'
[1.212s] writing manifest file '../build/my_robot_controller/my_robot_controller.egg-info/SOURCES.txt'
[1.212s] running build
[1.212s] running build_py
[1.213s] creating /home/robot/Desktop/ros2_ws/src/build/my_robot_controller/build
[1.213s] creating /home/robot/Desktop/ros2_ws/src/build/my_robot_controller/build/lib
[1.213s] creating /home/robot/Desktop/ros2_ws/src/build/my_robot_controller/build/lib/my_robot_controller
[1.213s] copying my_robot_controller/draw_circle.py -> /home/robot/Desktop/ros2_ws/src/build/my_robot_controller/build/lib/my_robot_controller
[1.213s] copying my_robot_controller/__init__.py -> /home/robot/Desktop/ros2_ws/src/build/my_robot_controller/build/lib/my_robot_controller
[1.213s] copying my_robot_controller/my_first_node.py -> /home/robot/Desktop/ros2_ws/src/build/my_robot_controller/build/lib/my_robot_controller
[1.213s] copying my_robot_controller/pose_subscriber.py -> /home/robot/Desktop/ros2_ws/src/build/my_robot_controller/build/lib/my_robot_controller
[1.213s] copying my_robot_controller/turtle_controller.py -> /home/robot/Desktop/ros2_ws/src/build/my_robot_controller/build/lib/my_robot_controller
[1.214s] running install
[1.220s] running install_lib
[1.244s] creating /home/robot/Desktop/ros2_ws/src/install/my_robot_controller/lib/python3.12/site-packages/my_robot_controller
[1.244s] copying /home/robot/Desktop/ros2_ws/src/build/my_robot_controller/build/lib/my_robot_controller/draw_circle.py -> /home/robot/Desktop/ros2_ws/src/install/my_robot_controller/lib/python3.12/site-packages/my_robot_controller
[1.244s] copying /home/robot/Desktop/ros2_ws/src/build/my_robot_controller/build/lib/my_robot_controller/__init__.py -> /home/robot/Desktop/ros2_ws/src/install/my_robot_controller/lib/python3.12/site-packages/my_robot_controller
[1.244s] copying /home/robot/Desktop/ros2_ws/src/build/my_robot_controller/build/lib/my_robot_controller/my_first_node.py -> /home/robot/Desktop/ros2_ws/src/install/my_robot_controller/lib/python3.12/site-packages/my_robot_controller
[1.244s] copying /home/robot/Desktop/ros2_ws/src/build/my_robot_controller/build/lib/my_robot_controller/pose_subscriber.py -> /home/robot/Desktop/ros2_ws/src/install/my_robot_controller/lib/python3.12/site-packages/my_robot_controller
[1.244s] copying /home/robot/Desktop/ros2_ws/src/build/my_robot_controller/build/lib/my_robot_controller/turtle_controller.py -> /home/robot/Desktop/ros2_ws/src/install/my_robot_controller/lib/python3.12/site-packages/my_robot_controller
[1.245s] byte-compiling /home/robot/Desktop/ros2_ws/src/install/my_robot_controller/lib/python3.12/site-packages/my_robot_controller/draw_circle.py to draw_circle.cpython-312.pyc
[1.245s] byte-compiling /home/robot/Desktop/ros2_ws/src/install/my_robot_controller/lib/python3.12/site-packages/my_robot_controller/__init__.py to __init__.cpython-312.pyc
[1.245s] byte-compiling /home/robot/Desktop/ros2_ws/src/install/my_robot_controller/lib/python3.12/site-packages/my_robot_controller/my_first_node.py to my_first_node.cpython-312.pyc
[1.246s] byte-compiling /home/robot/Desktop/ros2_ws/src/install/my_robot_controller/lib/python3.12/site-packages/my_robot_controller/pose_subscriber.py to pose_subscriber.cpython-312.pyc
[1.246s] byte-compiling /home/robot/Desktop/ros2_ws/src/install/my_robot_controller/lib/python3.12/site-packages/my_robot_controller/turtle_controller.py to turtle_controller.cpython-312.pyc
[1.246s] running install_data
[1.247s] creating /home/robot/Desktop/ros2_ws/src/install/my_robot_controller/share/ament_index
[1.247s] creating /home/robot/Desktop/ros2_ws/src/install/my_robot_controller/share/ament_index/resource_index
[1.247s] creating /home/robot/Desktop/ros2_ws/src/install/my_robot_controller/share/ament_index/resource_index/packages
[1.247s] copying resource/my_robot_controller -> /home/robot/Desktop/ros2_ws/src/install/my_robot_controller/share/ament_index/resource_index/packages
[1.247s] copying package.xml -> /home/robot/Desktop/ros2_ws/src/install/my_robot_controller/share/my_robot_controller
[1.247s] running install_egg_info
[1.270s] Copying ../build/my_robot_controller/my_robot_controller.egg-info to /home/robot/Desktop/ros2_ws/src/install/my_robot_controller/lib/python3.12/site-packages/my_robot_controller-0.0.0-py3.12.egg-info
[1.271s] running install_scripts
[1.415s] Installing draw_circle script to /home/robot/Desktop/ros2_ws/src/install/my_robot_controller/lib/my_robot_controller
[1.415s] Installing pose_subscriber script to /home/robot/Desktop/ros2_ws/src/install/my_robot_controller/lib/my_robot_controller
[1.415s] Installing test_node script to /home/robot/Desktop/ros2_ws/src/install/my_robot_controller/lib/my_robot_controller
[1.415s] Installing turtle_controller script to /home/robot/Desktop/ros2_ws/src/install/my_robot_controller/lib/my_robot_controller
[1.416s] writing list of installed files to '/home/robot/Desktop/ros2_ws/src/build/my_robot_controller/install.log'
[1.440s] Invoked command in '/home/robot/Desktop/ros2_ws/src/my_robot_controller' returned '0': DEBUGINFOD_URLS=https://debuginfod.ubuntu.com PYTHONPATH=/home/robot/Desktop/ros2_ws/src/build/my_robot_controller/prefix_override:/usr/lib/python3/dist-packages/colcon_core/task/python/colcon_distutils_commands:/home/robot/Desktop/ros2_ws/src/install/my_robot_controller/lib/python3.12/site-packages:${PYTHONPATH} /usr/bin/python3 -W ignore:setup.py install is deprecated -W ignore:easy_install command is deprecated setup.py egg_info --egg-base ../build/my_robot_controller build --build-base /home/robot/Desktop/ros2_ws/src/build/my_robot_controller/build install --record /home/robot/Desktop/ros2_ws/src/build/my_robot_controller/install.log --single-version-externally-managed install_data
