[1.135s] Invoking command in '/home/robot/Desktop/ros2_ws/src/my_robot_controller': DEBUGINFOD_URLS=https://debuginfod.ubuntu.com PYTHONPATH=/home/robot/Desktop/ros2_ws/build/my_robot_controller/prefix_override:/usr/lib/python3/dist-packages/colcon_core/task/python/colcon_distutils_commands:/home/robot/Desktop/ros2_ws/install/my_robot_controller/lib/python3.12/site-packages:${PYTHONPATH} /usr/bin/python3 -W ignore:setup.py install is deprecated -W ignore:easy_install command is deprecated setup.py egg_info --egg-base ../../build/my_robot_controller build --build-base /home/robot/Desktop/ros2_ws/build/my_robot_controller/build install --record /home/robot/Desktop/ros2_ws/build/my_robot_controller/install.log --single-version-externally-managed install_data
[1.414s] running egg_info
[1.415s] creating ../../build/my_robot_controller/my_robot_controller.egg-info
[1.436s] writing ../../build/my_robot_controller/my_robot_controller.egg-info/PKG-INFO
[1.437s] writing dependency_links to ../../build/my_robot_controller/my_robot_controller.egg-info/dependency_links.txt
[1.437s] writing requirements to ../../build/my_robot_controller/my_robot_controller.egg-info/requires.txt
[1.437s] writing top-level names to ../../build/my_robot_controller/my_robot_controller.egg-info/top_level.txt
[1.437s] writing manifest file '../../build/my_robot_controller/my_robot_controller.egg-info/SOURCES.txt'
[1.482s] reading manifest file '../../build/my_robot_controller/my_robot_controller.egg-info/SOURCES.txt'
[1.483s] writing manifest file '../../build/my_robot_controller/my_robot_controller.egg-info/SOURCES.txt'
[1.483s] running build
[1.483s] running build_py
[1.483s] creating /home/robot/Desktop/ros2_ws/build/my_robot_controller/build
[1.483s] creating /home/robot/Desktop/ros2_ws/build/my_robot_controller/build/lib
[1.483s] creating /home/robot/Desktop/ros2_ws/build/my_robot_controller/build/lib/my_robot_controller
[1.484s] copying my_robot_controller/__init__.py -> /home/robot/Desktop/ros2_ws/build/my_robot_controller/build/lib/my_robot_controller
[1.484s] running install
[1.490s] running install_lib
[1.514s] creating /home/robot/Desktop/ros2_ws/install/my_robot_controller/lib/python3.12/site-packages/my_robot_controller
[1.515s] copying /home/robot/Desktop/ros2_ws/build/my_robot_controller/build/lib/my_robot_controller/__init__.py -> /home/robot/Desktop/ros2_ws/install/my_robot_controller/lib/python3.12/site-packages/my_robot_controller
[1.515s] byte-compiling /home/robot/Desktop/ros2_ws/install/my_robot_controller/lib/python3.12/site-packages/my_robot_controller/__init__.py to __init__.cpython-312.pyc
[1.516s] running install_data
[1.516s] creating /home/robot/Desktop/ros2_ws/install/my_robot_controller/share/ament_index
[1.516s] creating /home/robot/Desktop/ros2_ws/install/my_robot_controller/share/ament_index/resource_index
[1.516s] creating /home/robot/Desktop/ros2_ws/install/my_robot_controller/share/ament_index/resource_index/packages
[1.516s] copying resource/my_robot_controller -> /home/robot/Desktop/ros2_ws/install/my_robot_controller/share/ament_index/resource_index/packages
[1.516s] copying package.xml -> /home/robot/Desktop/ros2_ws/install/my_robot_controller/share/my_robot_controller
[1.516s] running install_egg_info
[1.543s] Copying ../../build/my_robot_controller/my_robot_controller.egg-info to /home/robot/Desktop/ros2_ws/install/my_robot_controller/lib/python3.12/site-packages/my_robot_controller-0.0.0-py3.12.egg-info
[1.544s] running install_scripts
[1.688s] writing list of installed files to '/home/robot/Desktop/ros2_ws/build/my_robot_controller/install.log'
[1.712s] Invoked command in '/home/robot/Desktop/ros2_ws/src/my_robot_controller' returned '0': DEBUGINFOD_URLS=https://debuginfod.ubuntu.com PYTHONPATH=/home/robot/Desktop/ros2_ws/build/my_robot_controller/prefix_override:/usr/lib/python3/dist-packages/colcon_core/task/python/colcon_distutils_commands:/home/robot/Desktop/ros2_ws/install/my_robot_controller/lib/python3.12/site-packages:${PYTHONPATH} /usr/bin/python3 -W ignore:setup.py install is deprecated -W ignore:easy_install command is deprecated setup.py egg_info --egg-base ../../build/my_robot_controller build --build-base /home/robot/Desktop/ros2_ws/build/my_robot_controller/build install --record /home/robot/Desktop/ros2_ws/build/my_robot_controller/install.log --single-version-externally-managed install_data
